<?xml version="1.0" encoding="utf-8" standalone="no"?>
<!--This file represents the results of running a test suite-->
<test-results name="C:\Users\thorne.melcher\Documents\Visual Studio 2012\Projects\Roman Calculator Try 2\Roman Calculator Try 2\bin\Debug\Roman Calculator Try 2.exe" total="6" errors="0" failures="0" not-run="0" inconclusive="0" ignored="0" skipped="0" invalid="0" date="2014-01-10" time="15:14:05">
  <environment nunit-version="2.6.3.13283" clr-version="2.0.50727.5472" os-version="Microsoft Windows NT 6.1.7601 Service Pack 1" platform="Win32NT" cwd="C:\Program Files (x86)\NUnit 2.6.3\bin" machine-name="ATL01TMELCHER" user="thorne.melcher" user-domain="CORP" />
  <culture-info current-culture="en-US" current-uiculture="en-US" />
  <test-suite type="Assembly" name="C:\Users\thorne.melcher\Documents\Visual Studio 2012\Projects\Roman Calculator Try 2\Roman Calculator Try 2\bin\Debug\Roman Calculator Try 2.exe" executed="True" result="Success" success="True" time="0.082" asserts="0">
    <results>
      <test-suite type="Namespace" name="Roman_Calculator_Try_2" executed="True" result="Success" success="True" time="0.066" asserts="0">
        <results>
          <test-suite type="TestFixture" name="CalculatorTest" executed="True" result="Success" success="True" time="0.064" asserts="0">
            <results>
              <test-case name="Roman_Calculator_Try_2.CalculatorTest.TestCalculate" executed="True" result="Success" success="True" time="0.042" asserts="6" />
              <test-case name="Roman_Calculator_Try_2.CalculatorTest.TestCollapseToSubtractive" executed="True" result="Success" success="True" time="0.000" asserts="2" />
              <test-case name="Roman_Calculator_Try_2.CalculatorTest.TestCombineExtras" executed="True" result="Success" success="True" time="0.000" asserts="3" />
              <test-case name="Roman_Calculator_Try_2.CalculatorTest.TestExpandSubtractive" executed="True" result="Success" success="True" time="0.000" asserts="2" />
              <test-case name="Roman_Calculator_Try_2.CalculatorTest.TestSort" executed="True" result="Success" success="True" time="0.000" asserts="3" />
              <test-case name="Roman_Calculator_Try_2.CalculatorTest.TestSum" executed="True" result="Success" success="True" time="0.000" asserts="3" />
            </results>
          </test-suite>
        </results>
      </test-suite>
    </results>
  </test-suite>
</test-results>